# JRE version: OpenJDK Runtime Environment Temurin-21.0.11+10 (21.0.11+10) (build 21.0.11+10-LTS)
# Java VM: OpenJDK 64-Bit Server VM Temurin-21.0.11+10 (21.0.11+10-LTS, mixed mode, sharing, tiered, compressed oops, compressed class ptrs, parallel gc, windows-amd64)
GC Precious Log:
 CardTable entry size: 512
 CPUs: 12 total, 12 available
 Memory: 7876M
 Large Page Support: Disabled
 NUMA Support: Disabled
 Compressed Oops: Enabled (32-bit)
 Alignments: Space 512K, Generation 512K, Heap 2M
 Heap Min Capacity: 100M
 Heap Initial Capacity: 100M
 Heap Max Capacity: 2G
 Pre-touch: Disabled
 Parallel Workers: 10
Heap:
 PSYoungGen      total 6144K, used 1604K [0x00000000d5580000, 0x00000000d5e80000, 0x0000000100000000)
  eden space 5632K, 24% used [0x00000000d5580000,0x00000000d56d9218,0x00000000d5b00000)
  from space 512K, 43% used [0x00000000d5c80000,0x00000000d5cb8000,0x00000000d5d00000)
  to   space 1024K, 0% used [0x00000000d5d80000,0x00000000d5d80000,0x00000000d5e80000)
 ParOldGen       total 785408K, used 785104K [0x0000000080000000, 0x00000000aff00000, 0x00000000d5580000)
  object space 785408K, 99% used [0x0000000080000000,0x00000000afeb4038,0x00000000aff00000)
 Metaspace       used 100392K, committed 102208K, reserved 1179648K
  class space    used 10427K, committed 11264K, reserved 1048576K
GC Heap History (20 events):
Event: 14908.028 GC heap before
{Heap before GC invocations=2221 (full 5):
 PSYoungGen      total 7680K, used 7431K [0x00000000d5580000, 0x00000000d6180000, 0x0000000100000000)
  eden space 4096K, 98% used [0x00000000d5580000,0x00000000d596db60,0x00000000d5980000)
  from space 3584K, 95% used [0x00000000d5980000,0x00000000d5cd40d8,0x00000000d5d00000)
  to   space 4096K, 0% used [0x00000000d5d80000,0x00000000d5d80000,0x00000000d6180000)
 ParOldGen       total 768512K, used 768156K [0x0000000080000000, 0x00000000aee80000, 0x00000000d5580000)
  object space 768512K, 99% used [0x0000000080000000,0x00000000aee272f0,0x00000000aee80000)
 Metaspace       used 100368K, committed 102208K, reserved 1179648K
  class space    used 10427K, committed 11264K, reserved 1048576K
}
Event: 14908.042 GC heap after
{Heap after GC invocations=2221 (full 5):
 PSYoungGen      total 8704K, used 3169K [0x00000000d5580000, 0x00000000d6180000, 0x0000000100000000)
  eden space 4608K, 0% used [0x00000000d5580000,0x00000000d5580000,0x00000000d5a00000)
  from space 4096K, 77% used [0x00000000d5d80000,0x00000000d6098400,0x00000000d6180000)
  to   space 3584K, 0% used [0x00000000d5a00000,0x00000000d5a00000,0x00000000d5d80000)
 ParOldGen       total 771584K, used 771465K [0x0000000080000000, 0x00000000af180000, 0x00000000d5580000)
  object space 771584K, 99% used [0x0000000080000000,0x00000000af162460,0x00000000af180000)
 Metaspace       used 100368K, committed 102208K, reserved 1179648K
  class space    used 10427K, committed 11264K, reserved 1048576K
}
Event: 14908.094 GC heap before
{Heap before GC invocations=2222 (full 5):
 PSYoungGen      total 8704K, used 7777K [0x00000000d5580000, 0x00000000d6180000, 0x0000000100000000)
  eden space 4608K, 100% used [0x00000000d5580000,0x00000000d5a00000,0x00000000d5a00000)
  from space 4096K, 77% used [0x00000000d5d80000,0x00000000d6098400,0x00000000d6180000)
  to   space 3584K, 0% used [0x00000000d5a00000,0x00000000d5a00000,0x00000000d5d80000)
 ParOldGen       total 771584K, used 771465K [0x0000000080000000, 0x00000000af180000, 0x00000000d5580000)
  object space 771584K, 99% used [0x0000000080000000,0x00000000af162460,0x00000000af180000)
 Metaspace       used 100368K, committed 102208K, reserved 1179648K
  class space    used 10427K, committed 11264K, reserved 1048576K
}
Event: 14908.109 GC heap after
{Heap after GC invocations=2222 (full 5):
 PSYoungGen      total 8192K, used 3553K [0x00000000d5580000, 0x00000000d6900000, 0x0000000100000000)
  eden space 4608K, 0% used [0x00000000d5580000,0x00000000d5580000,0x00000000d5a00000)
  from space 3584K, 99% used [0x00000000d5a00000,0x00000000d5d78690,0x00000000d5d80000)
  to   space 7168K, 0% used [0x00000000d6200000,0x00000000d6200000,0x00000000d6900000)
 ParOldGen       total 774656K, used 774294K [0x0000000080000000, 0x00000000af480000, 0x00000000d5580000)
  object space 774656K, 99% used [0x0000000080000000,0x00000000af425b80,0x00000000af480000)
 Metaspace       used 100368K, committed 102208K, reserved 1179648K
  class space    used 10427K, committed 11264K, reserved 1048576K
}
Event: 14908.138 GC heap before
{Heap before GC invocations=2223 (full 5):
 PSYoungGen      total 8192K, used 8161K [0x00000000d5580000, 0x00000000d6900000, 0x0000000100000000)
  eden space 4608K, 100% used [0x00000000d5580000,0x00000000d5a00000,0x00000000d5a00000)
  from space 3584K, 99% used [0x00000000d5a00000,0x00000000d5d78690,0x00000000d5d80000)
  to   space 7168K, 0% used [0x00000000d6200000,0x00000000d6200000,0x00000000d6900000)
 ParOldGen       total 774656K, used 774294K [0x0000000080000000, 0x00000000af480000, 0x00000000d5580000)
  object space 774656K, 99% used [0x0000000080000000,0x00000000af425b80,0x00000000af480000)
 Metaspace       used 100368K, committed 102208K, reserved 1179648K
  class space    used 10427K, committed 11264K, reserved 1048576K
}
Event: 14908.148 GC heap after
{Heap after GC invocations=2223 (full 5):
 PSYoungGen      total 9216K, used 3360K [0x00000000d5580000, 0x00000000d6580000, 0x0000000100000000)
  eden space 5632K, 0% used [0x00000000d5580000,0x00000000d5580000,0x00000000d5b00000)
  from space 3584K, 93% used [0x00000000d6200000,0x00000000d6548000,0x00000000d6580000)
  to   space 4608K, 0% used [0x00000000d5c80000,0x00000000d5c80000,0x00000000d6100000)
 ParOldGen       total 777728K, used 777711K [0x0000000080000000, 0x00000000af780000, 0x00000000d5580000)
  object space 777728K, 99% used [0x0000000080000000,0x00000000af77be18,0x00000000af780000)
 Metaspace       used 100368K, committed 102208K, reserved 1179648K
  class space    used 10427K, committed 11264K, reserved 1048576K
}
Event: 14908.346 GC heap before
{Heap before GC invocations=2224 (full 5):
 PSYoungGen      total 9216K, used 8992K [0x00000000d5580000, 0x00000000d6580000, 0x0000000100000000)
  eden space 5632K, 100% used [0x00000000d5580000,0x00000000d5b00000,0x00000000d5b00000)
  from space 3584K, 93% used [0x00000000d6200000,0x00000000d6548000,0x00000000d6580000)
  to   space 4608K, 0% used [0x00000000d5c80000,0x00000000d5c80000,0x00000000d6100000)
 ParOldGen       total 777728K, used 777711K [0x0000000080000000, 0x00000000af780000, 0x00000000d5580000)
  object space 777728K, 99% used [0x0000000080000000,0x00000000af77be18,0x00000000af780000)
 Metaspace       used 100368K, committed 102208K, reserved 1179648K
  class space    used 10427K, committed 11264K, reserved 1048576K
}
Event: 14908.358 GC heap after
{Heap after GC invocations=2224 (full 5):
 PSYoungGen      total 7168K, used 1158K [0x00000000d5580000, 0x00000000d6280000, 0x0000000100000000)
  eden space 5632K, 0% used [0x00000000d5580000,0x00000000d5580000,0x00000000d5b00000)
  from space 1536K, 75% used [0x00000000d5c80000,0x00000000d5da1a58,0x00000000d5e00000)
  to   space 2560K, 0% used [0x00000000d6000000,0x00000000d6000000,0x00000000d6280000)
 ParOldGen       total 780800K, used 780775K [0x0000000080000000, 0x00000000afa80000, 0x00000000d5580000)
  object space 780800K, 99% used [0x0000000080000000,0x00000000afa79e18,0x00000000afa80000)
 Metaspace       used 100368K, committed 102208K, reserved 1179648K
  class space    used 10427K, committed 11264K, reserved 1048576K
}
Event: 14908.471 GC heap before
{Heap before GC invocations=2225 (full 5):
 PSYoungGen      total 7168K, used 6790K [0x00000000d5580000, 0x00000000d6280000, 0x0000000100000000)
  eden space 5632K, 100% used [0x00000000d5580000,0x00000000d5b00000,0x00000000d5b00000)
  from space 1536K, 75% used [0x00000000d5c80000,0x00000000d5da1a58,0x00000000d5e00000)
  to   space 2560K, 0% used [0x00000000d6000000,0x00000000d6000000,0x00000000d6280000)
 ParOldGen       total 780800K, used 780775K [0x0000000080000000, 0x00000000afa80000, 0x00000000d5580000)
  object space 780800K, 99% used [0x0000000080000000,0x00000000afa79e18,0x00000000afa80000)
 Metaspace       used 100368K, committed 102208K, reserved 1179648K
  class space    used 10427K, committed 11264K, reserved 1048576K
}
Event: 14908.481 GC heap after
{Heap after GC invocations=2225 (full 5):
 PSYoungGen      total 7168K, used 1440K [0x00000000d5580000, 0x00000000d6180000, 0x0000000100000000)
  eden space 5632K, 0% used [0x00000000d5580000,0x00000000d5580000,0x00000000d5b00000)
  from space 1536K, 93% used [0x00000000d6000000,0x00000000d6168000,0x00000000d6180000)
  to   space 1536K, 0% used [0x00000000d5c80000,0x00000000d5c80000,0x00000000d5e00000)
 ParOldGen       total 781824K, used 781820K [0x0000000080000000, 0x00000000afb80000, 0x00000000d5580000)
  object space 781824K, 99% used [0x0000000080000000,0x00000000afb7f080,0x00000000afb80000)
 Metaspace       used 100368K, committed 102208K, reserved 1179648K
  class space    used 10427K, committed 11264K, reserved 1048576K
}
Event: 14908.642 GC heap before
{Heap before GC invocations=2226 (full 5):
 PSYoungGen      total 7168K, used 7072K [0x00000000d5580000, 0x00000000d6180000, 0x0000000100000000)
  eden space 5632K, 100% used [0x00000000d5580000,0x00000000d5b00000,0x00000000d5b00000)
  from space 1536K, 93% used [0x00000000d6000000,0x00000000d6168000,0x00000000d6180000)
  to   space 1536K, 0% used [0x00000000d5c80000,0x00000000d5c80000,0x00000000d5e00000)
 ParOldGen       total 781824K, used 781820K [0x0000000080000000, 0x00000000afb80000, 0x00000000d5580000)
  object space 781824K, 99% used [0x0000000080000000,0x00000000afb7f080,0x00000000afb80000)
 Metaspace       used 100377K, committed 102208K, reserved 1179648K
  class space    used 10427K, committed 11264K, reserved 1048576K
}
Event: 14908.650 GC heap after
{Heap after GC invocations=2226 (full 5):
 PSYoungGen      total 7168K, used 1456K [0x00000000d5580000, 0x00000000d6080000, 0x0000000100000000)
  eden space 5632K, 0% used [0x00000000d5580000,0x00000000d5580000,0x00000000d5b00000)
  from space 1536K, 94% used [0x00000000d5c80000,0x00000000d5dec210,0x00000000d5e00000)
  to   space 1536K, 0% used [0x00000000d5f00000,0x00000000d5f00000,0x00000000d6080000)
 ParOldGen       total 783360K, used 783140K [0x0000000080000000, 0x00000000afd00000, 0x00000000d5580000)
  object space 783360K, 99% used [0x0000000080000000,0x00000000afcc9010,0x00000000afd00000)
 Metaspace       used 100377K, committed 102208K, reserved 1179648K
  class space    used 10427K, committed 11264K, reserved 1048576K
}
Event: 14909.836 GC heap before
{Heap before GC invocations=2227 (full 5):
 PSYoungGen      total 7168K, used 7088K [0x00000000d5580000, 0x00000000d6080000, 0x0000000100000000)
  eden space 5632K, 99% used [0x00000000d5580000,0x00000000d5afffd0,0x00000000d5b00000)
  from space 1536K, 94% used [0x00000000d5c80000,0x00000000d5dec210,0x00000000d5e00000)
  to   space 1536K, 0% used [0x00000000d5f00000,0x00000000d5f00000,0x00000000d6080000)
 ParOldGen       total 783360K, used 783140K [0x0000000080000000, 0x00000000afd00000, 0x00000000d5580000)
  object space 783360K, 99% used [0x0000000080000000,0x00000000afcc9010,0x00000000afd00000)
 Metaspace       used 100380K, committed 102208K, reserved 1179648K
  class space    used 10427K, committed 11264K, reserved 1048576K
}
Event: 14909.849 GC heap after
{Heap after GC invocations=2227 (full 5):
 PSYoungGen      total 7168K, used 1296K [0x00000000d5580000, 0x00000000d6080000, 0x0000000100000000)
  eden space 5632K, 0% used [0x00000000d5580000,0x00000000d5580000,0x00000000d5b00000)
  from space 1536K, 84% used [0x00000000d5f00000,0x00000000d6044210,0x00000000d6080000)
  to   space 1536K, 0% used [0x00000000d5c80000,0x00000000d5c80000,0x00000000d5e00000)
 ParOldGen       total 784384K, used 784376K [0x0000000080000000, 0x00000000afe00000, 0x00000000d5580000)
  object space 784384K, 99% used [0x0000000080000000,0x00000000afdfe188,0x00000000afe00000)
 Metaspace       used 100380K, committed 102208K, reserved 1179648K
  class space    used 10427K, committed 11264K, reserved 1048576K
}
Event: 14909.956 GC heap before
{Heap before GC invocations=2228 (full 5):
 PSYoungGen      total 7168K, used 6928K [0x00000000d5580000, 0x00000000d6080000, 0x0000000100000000)
  eden space 5632K, 100% used [0x00000000d5580000,0x00000000d5b00000,0x00000000d5b00000)
  from space 1536K, 84% used [0x00000000d5f00000,0x00000000d6044210,0x00000000d6080000)
  to   space 1536K, 0% used [0x00000000d5c80000,0x00000000d5c80000,0x00000000d5e00000)
 ParOldGen       total 784384K, used 784376K [0x0000000080000000, 0x00000000afe00000, 0x00000000d5580000)
  object space 784384K, 99% used [0x0000000080000000,0x00000000afdfe188,0x00000000afe00000)
 Metaspace       used 100380K, committed 102208K, reserved 1179648K
  class space    used 10427K, committed 11264K, reserved 1048576K
}
Event: 14909.965 GC heap after
{Heap after GC invocations=2228 (full 5):
 PSYoungGen      total 7168K, used 1152K [0x00000000d5580000, 0x00000000d5f80000, 0x0000000100000000)
  eden space 5632K, 0% used [0x00000000d5580000,0x00000000d5580000,0x00000000d5b00000)
  from space 1536K, 75% used [0x00000000d5c80000,0x00000000d5da0220,0x00000000d5e00000)
  to   space 1536K, 0% used [0x00000000d5e00000,0x00000000d5e00000,0x00000000d5f80000)
 ParOldGen       total 785408K, used 785008K [0x0000000080000000, 0x00000000aff00000, 0x00000000d5580000)
  object space 785408K, 99% used [0x0000000080000000,0x00000000afe9c038,0x00000000aff00000)
 Metaspace       used 100380K, committed 102208K, reserved 1179648K
  class space    used 10427K, committed 11264K, reserved 1048576K
}
Event: 14910.071 GC heap before
{Heap before GC invocations=2229 (full 5):
 PSYoungGen      total 7168K, used 6784K [0x00000000d5580000, 0x00000000d5f80000, 0x0000000100000000)
  eden space 5632K, 100% used [0x00000000d5580000,0x00000000d5b00000,0x00000000d5b00000)
  from space 1536K, 75% used [0x00000000d5c80000,0x00000000d5da0220,0x00000000d5e00000)
  to   space 1536K, 0% used [0x00000000d5e00000,0x00000000d5e00000,0x00000000d5f80000)
 ParOldGen       total 785408K, used 785008K [0x0000000080000000, 0x00000000aff00000, 0x00000000d5580000)
  object space 785408K, 99% used [0x0000000080000000,0x00000000afe9c038,0x00000000aff00000)
 Metaspace       used 100384K, committed 102208K, reserved 1179648K
  class space    used 10427K, committed 11264K, reserved 1048576K
}
Event: 14910.077 GC heap after
{Heap after GC invocations=2229 (full 5):
 PSYoungGen      total 7168K, used 1446K [0x00000000d5580000, 0x00000000d5f80000, 0x0000000100000000)
  eden space 5632K, 0% used [0x00000000d5580000,0x00000000d5580000,0x00000000d5b00000)
  from space 1536K, 94% used [0x00000000d5e00000,0x00000000d5f69a58,0x00000000d5f80000)
  to   space 1536K, 0% used [0x00000000d5c80000,0x00000000d5c80000,0x00000000d5e00000)
 ParOldGen       total 785408K, used 785056K [0x0000000080000000, 0x00000000aff00000, 0x00000000d5580000)
  object space 785408K, 99% used [0x0000000080000000,0x00000000afea8038,0x00000000aff00000)
 Metaspace       used 100384K, committed 102208K, reserved 1179648K
  class space    used 10427K, committed 11264K, reserved 1048576K
}
Event: 14910.161 GC heap before
{Heap before GC invocations=2230 (full 5):
 PSYoungGen      total 7168K, used 7078K [0x00000000d5580000, 0x00000000d5f80000, 0x0000000100000000)
  eden space 5632K, 100% used [0x00000000d5580000,0x00000000d5b00000,0x00000000d5b00000)
  from space 1536K, 94% used [0x00000000d5e00000,0x00000000d5f69a58,0x00000000d5f80000)
  to   space 1536K, 0% used [0x00000000d5c80000,0x00000000d5c80000,0x00000000d5e00000)
 ParOldGen       total 785408K, used 785056K [0x0000000080000000, 0x00000000aff00000, 0x00000000d5580000)
  object space 785408K, 99% used [0x0000000080000000,0x00000000afea8038,0x00000000aff00000)
 Metaspace       used 100385K, committed 102208K, reserved 1179648K
  class space    used 10427K, committed 11264K, reserved 1048576K
}
Event: 14910.176 GC heap after
{Heap after GC invocations=2230 (full 5):
 PSYoungGen      total 6144K, used 224K [0x00000000d5580000, 0x00000000d5e80000, 0x0000000100000000)
  eden space 5632K, 0% used [0x00000000d5580000,0x00000000d5580000,0x00000000d5b00000)
  from space 512K, 43% used [0x00000000d5c80000,0x00000000d5cb8000,0x00000000d5d00000)
  to   space 1024K, 0% used [0x00000000d5d80000,0x00000000d5d80000,0x00000000d5e80000)
 ParOldGen       total 785408K, used 785104K [0x0000000080000000, 0x00000000aff00000, 0x00000000d5580000)
  object space 785408K, 99% used [0x0000000080000000,0x00000000afeb4038,0x00000000aff00000)
 Metaspace       used 100385K, committed 102208K, reserved 1179648K
  class space    used 10427K, committed 11264K, reserved 1048576K
}

